d:\progg\mkalte666\camproject\basicrun\debug\basicrun.pch
d:\progg\mkalte666\camproject\basicrun\debug\vc120.pdb
d:\progg\mkalte666\camproject\basicrun\debug\vc120.idb
d:\progg\mkalte666\camproject\basicrun\debug\stdafx.obj
d:\progg\mkalte666\camproject\basicrun\debug\basicrun.obj
d:\progg\mkalte666\camproject\basicrun\debug\basicrun.tlog\cl.command.1.tlog
d:\progg\mkalte666\camproject\basicrun\debug\basicrun.tlog\cl.read.1.tlog
d:\progg\mkalte666\camproject\basicrun\debug\basicrun.tlog\cl.write.1.tlog
d:\progg\mkalte666\camproject\basicrun\debug\basicrun.tlog\link-cvtres.read.1.tlog
d:\progg\mkalte666\camproject\basicrun\debug\basicrun.tlog\link-cvtres.write.1.tlog
d:\progg\mkalte666\camproject\basicrun\debug\basicrun.tlog\link-rc.read.1.tlog
d:\progg\mkalte666\camproject\basicrun\debug\basicrun.tlog\link-rc.write.1.tlog
d:\progg\mkalte666\camproject\basicrun\debug\basicrun.tlog\link.7324-cvtres.read.1.tlog
d:\progg\mkalte666\camproject\basicrun\debug\basicrun.tlog\link.7324-cvtres.write.1.tlog
d:\progg\mkalte666\camproject\basicrun\debug\basicrun.tlog\link.7324-rc.read.1.tlog
d:\progg\mkalte666\camproject\basicrun\debug\basicrun.tlog\link.7324-rc.write.1.tlog
d:\progg\mkalte666\camproject\basicrun\debug\basicrun.tlog\link.7324.read.1.tlog
d:\progg\mkalte666\camproject\basicrun\debug\basicrun.tlog\link.7324.write.1.tlog
d:\progg\mkalte666\camproject\basicrun\debug\basicrun.tlog\link.command.1.tlog
d:\progg\mkalte666\camproject\basicrun\debug\basicrun.tlog\link.read.1.tlog
d:\progg\mkalte666\camproject\basicrun\debug\basicrun.tlog\link.write.1.tlog
